\BOOKMARK [0][-]{figure.caption.1}{LI CAM N}{}% 1
\BOOKMARK [0][-]{figure.caption.1}{LI CAM \320OAN}{}% 2
\BOOKMARK [0][-]{figure.caption.1}{T\323M TT}{}% 3
\BOOKMARK [0][-]{figure.caption.1}{MUC LUC}{}% 4
\BOOKMARK [0][-]{chapter*.2}{DANH S\301CH H\314NH VE}{}% 5
\BOOKMARK [0][-]{chapter*.3}{DANH S\301CH BANG}{}% 6
\BOOKMARK [0][-]{chapter*.4}{DANH MUC VIT TT}{}% 7
\BOOKMARK [0][-]{chapter.1}{TNG QUAN}{}% 8
\BOOKMARK [1][-]{section.1.1}{\320t vn }{chapter.1}% 9
\BOOKMARK [1][-]{section.1.2}{Nhng nghi\352n cu li\352n quan}{chapter.1}% 10
\BOOKMARK [1][-]{section.1.3}{Muc ti\352u cua lun van}{chapter.1}% 11
\BOOKMARK [2][-]{subsection.1.3.1}{T\354m hiu}{section.1.3}% 12
\BOOKMARK [2][-]{subsection.1.3.2}{Thc hin}{section.1.3}% 13
\BOOKMARK [1][-]{section.1.4}{B cuc tr\354nh b\340y}{chapter.1}% 14
\BOOKMARK [0][-]{chapter.2}{C S L\335 THUYT}{}% 15
\BOOKMARK [1][-]{section.2.1}{MANG NEURAL NETWOK}{chapter.2}% 16
\BOOKMARK [2][-]{subsection.2.1.1}{Hoat ng cua c\341c neuron sinh hoc}{section.2.1}% 17
\BOOKMARK [2][-]{subsection.2.1.2}{Perceptron}{section.2.1}% 18
\BOOKMARK [2][-]{subsection.2.1.3}{Kin tr\372c mang Neuron Network}{section.2.1}% 19
\BOOKMARK [2][-]{subsection.2.1.4}{Hoat ng cua mang}{section.2.1}% 20
\BOOKMARK [2][-]{subsection.2.1.5}{Qu\341 tr\354nh hun luyn mt mang NN}{section.2.1}% 21
\BOOKMARK [1][-]{section.2.2}{Mang Convolutional Neural Network \(CNN\)}{chapter.2}% 22
\BOOKMARK [2][-]{subsection.2.2.1}{Ph\351p T\355nh Convolution}{section.2.2}% 23
\BOOKMARK [2][-]{subsection.2.2.2}{Ph\351p convolution trong mang Neuron Network}{section.2.2}% 24
\BOOKMARK [2][-]{subsection.2.2.3}{Pooling layer}{section.2.2}% 25
\BOOKMARK [2][-]{subsection.2.2.4}{Fully connected layer \(Dense layer\)}{section.2.2}% 26
\BOOKMARK [2][-]{subsection.2.2.5}{Kt lun}{section.2.2}% 27
\BOOKMARK [0][-]{chapter.3}{C T\315NH TOA \320 KHUNG XNG TR\312N ANH RGB BNG MANG MOBILENET-V2}{}% 28
\BOOKMARK [1][-]{section.3.1}{C T\315NH DA TR\312N CAMERA \320 S\302U KINECT}{chapter.3}% 29
\BOOKMARK [2][-]{subsection.3.1.1}{Gii thiu camera cam bin \040s\342u Kinect cua Microsoft}{section.3.1}% 30
\BOOKMARK [2][-]{subsection.3.1.2}{C ch tr\355ch xut SJM t Kinect}{section.3.1}% 31
\BOOKMARK [1][-]{section.3.2}{C T\315NH T ANH 2D DA TR\312N MANG NEURAL NETWORK}{chapter.3}% 32
\BOOKMARK [2][-]{subsection.3.2.1}{Tng quan phng ph\341p}{section.3.2}% 33
\BOOKMARK [2][-]{subsection.3.2.2}{Kin tr\372c mang}{section.3.2}% 34
\BOOKMARK [2][-]{subsection.3.2.3}{C\341c phn cu th}{section.3.2}% 35
\BOOKMARK [2][-]{subsection.3.2.4}{Phng ph\341p hi quy}{section.3.2}% 36
\BOOKMARK [0][-]{chapter.4}{\320\312 XUT: NHN DANG NG\324N NG K\335 HIU T TOA \320 KHUNG XNG BNG MANG DNN}{}% 37
\BOOKMARK [1][-]{section.4.1}{Tng quan}{chapter.4}% 38
\BOOKMARK [1][-]{section.4.2}{Thu thp d liu}{chapter.4}% 39
\BOOKMARK [1][-]{section.4.3}{X l\375 d liu u v\340o}{chapter.4}% 40
\BOOKMARK [2][-]{subsection.4.3.1}{Loai bo c\341c phn SJM d tha}{section.4.3}% 41
\BOOKMARK [2][-]{subsection.4.3.2}{Chun h\363a SJM \040ph\342n loai c trng}{section.4.3}% 42
\BOOKMARK [1][-]{section.4.4}{Cu tr\372c mang neural network \040xut}{chapter.4}% 43
\BOOKMARK [1][-]{section.4.5}{Hun luyn mang}{chapter.4}% 44
\BOOKMARK [1][-]{section.4.6}{Kt qua}{chapter.4}% 45
\BOOKMARK [0][-]{chapter.5}{C\301C TH NGHIM V\300 KT QUA}{}% 46
\BOOKMARK [0][-]{chapter.6}{KT LUN V\300 HNG PH\301T TRIN}{}% 47
\BOOKMARK [1][-]{section.6.1}{Kt lun}{chapter.6}% 48
\BOOKMARK [0][-]{section.6.1}{T\300I LIU THAM KHAO}{}% 49
\BOOKMARK [0][-]{chapter*.52}{PHU LUC}{}% 50
